Args: C:\Users\Patri\Documents\GitHub\Re-Mobilize\win64-fteqcc.exe
FTEQCC: Mar 30 2019
Source file: progs.src
outputfile: ../progs.dat
prototyping defs.qc
prototyping newflags.qc
prototyping math.qc
prototyping utility.qc
prototyping subs.qc
prototyping fight.qc
prototyping customsounds.qc
prototyping custom_mdls.qc
prototyping ai.qc
prototyping combat.qc
prototyping keydata.qc
prototyping items.qc
prototyping weapons.qc
prototyping world.qc
prototyping intermission.qc
prototyping client.qc
prototyping cutscene.qc
prototyping player.qc
prototyping monsters.qc
prototyping keylock.qc
prototyping doors.qc
prototyping buttons.qc
prototyping triggers.qc
prototyping plats.qc
prototyping misc.qc
prototyping lights.qc
prototyping fog.qc
prototyping cshift.qc
prototyping ogre.qc
prototyping demon.qc
prototyping shambler.qc
prototyping knight.qc
prototyping soldier.qc
prototyping wizard.qc
prototyping dog.qc
prototyping zombie.qc
prototyping boss.qc
prototyping boss2.qc
prototyping spawn.qc
prototyping hknight.qc
prototyping fish.qc
prototyping shalrath.qc
prototyping enforcer.qc
prototyping oldone.qc
prototyping oldone2.qc
prototyping dtmisc.qc
prototyping misc_model.qc
prototyping hipcount.qc
prototyping hippart.qc
prototyping hiptrig.qc
prototyping doelightning.qc
prototyping doeplats.qc
prototyping elevatr.qc
prototyping rubicon2.qc
prototyping dtquake.qc
prototyping rotate.qc
prototyping func_bob.qc
prototyping func_fall2.qc
prototyping mobot.qc
prototyping rm_mechanics.qc
prototyping lighthook.qc
prototyping magnets.qc
prototyping slippery.qc
compiling defs.qc
compiling newflags.qc
compiling math.qc
compiling utility.qc
compiling subs.qc
compiling fight.qc
compiling customsounds.qc
compiling custom_mdls.qc
compiling ai.qc
compiling combat.qc
compiling keydata.qc
compiling items.qc
compiling weapons.qc
compiling world.qc
compiling intermission.qc
compiling client.qc
compiling cutscene.qc
compiling player.qc
compiling monsters.qc
compiling keylock.qc
compiling doors.qc
compiling buttons.qc
compiling triggers.qc
compiling plats.qc
compiling misc.qc
compiling lights.qc
compiling fog.qc
compiling cshift.qc
compiling ogre.qc
compiling demon.qc
compiling shambler.qc
compiling knight.qc
compiling soldier.qc
compiling wizard.qc
compiling dog.qc
compiling zombie.qc
compiling boss.qc
compiling boss2.qc
compiling spawn.qc
compiling hknight.qc
compiling fish.qc
compiling shalrath.qc
compiling enforcer.qc
compiling oldone.qc
compiling oldone2.qc
compiling dtmisc.qc
compiling misc_model.qc
compiling hipcount.qc
compiling hippart.qc
compiling hiptrig.qc
compiling doelightning.qc
compiling doeplats.qc
compiling elevatr.qc
compiling rubicon2.qc
compiling dtquake.qc
compiling rotate.qc
compiling func_bob.qc
compiling func_fall2.qc
compiling mobot.qc
compiling rm_mechanics.qc
compiling lighthook.qc
compiling magnets.qc
compiling slippery.qc
Compile finished: ../progs.dat (id format)
Done. 0 warnings
